<?xml version="1.0" encoding="UTF-8"?>
<!-- Generated by org.testng.reporters.JUnitReportReporter -->
<testsuite skipped="0" hostname="DESKTOP-DHGB96Q" name="sanity.SauceDemoWebTestLogin" tests="3" failures="0" timestamp="2023-10-05T13:33:57 IDT" time="3.257" errors="0">
  <testcase name="test9_verifyLogInErrors" time="1.046" classname="sanity.SauceDemoWebTestLogin"/>
  <system-out/>
  <testcase name="test9_verifyLogInErrors" time="1.273" classname="sanity.SauceDemoWebTestLogin"/>
  <system-out/>
  <testcase name="test9_verifyLogInErrors" time="0.938" classname="sanity.SauceDemoWebTestLogin"/>
  <system-out/>
</testsuite> <!-- sanity.SauceDemoWebTestLogin -->
