<?xml version="1.0" encoding="UTF-8"?>
<!-- Generated by org.testng.reporters.JUnitReportReporter -->
<testsuite skipped="0" hostname="DESKTOP-DHGB96Q" name="sanity.StudentListsAPI" tests="4" failures="0" timestamp="2023-10-05T13:31:06 IDT" time="8.574" errors="0">
  <testcase name="test01_verify_Student" time="7.069" classname="sanity.StudentListsAPI"/>
  <system-out/>
  <testcase name="test03_updateStudentAndVerify" time="0.491" classname="sanity.StudentListsAPI"/>
  <system-out/>
  <testcase name="test02_AddStudentAndVerify" time="0.798" classname="sanity.StudentListsAPI"/>
  <system-out/>
  <testcase name="test04_deleteStudentAndVerify" time="0.216" classname="sanity.StudentListsAPI"/>
  <system-out/>
</testsuite> <!-- sanity.StudentListsAPI -->
