<?xml version="1.0" encoding="UTF-8"?>
<!-- Generated by org.testng.reporters.JUnitReportReporter -->
<testsuite skipped="0" hostname="DESKTOP-DHGB96Q" name="sanity.StudentListsAPI" tests="4" failures="0" timestamp="2023-09-17T12:56:33 IDT" time="19.807" errors="0">
  <testcase name="test03_updateStudentAndVerify" time="0.805" classname="sanity.StudentListsAPI"/>
  <system-out/>
  <testcase name="test02_AddStudentAndVerify" time="0.945" classname="sanity.StudentListsAPI"/>
  <system-out/>
  <testcase name="test04_deleteStudentAndVerify" time="0.323" classname="sanity.StudentListsAPI"/>
  <system-out/>
  <testcase name="test01_verify_Student" time="17.734" classname="sanity.StudentListsAPI"/>
  <system-out/>
</testsuite> <!-- sanity.StudentListsAPI -->
