<?xml version="1.0" encoding="UTF-8"?>
<!-- Generated by org.testng.reporters.JUnitReportReporter -->
<testsuite skipped="0" hostname="DESKTOP-DHGB96Q" name="sanity.Calculator" tests="3" failures="0" timestamp="2023-10-04T11:16:20 IDT" time="47.361" errors="0">
  <testcase name="test03_verifyDivisionByZero" time="12.861" classname="sanity.Calculator"/>
  <system-out/>
  <testcase name="test01_verifyAddTwoNumbers" time="22.383" classname="sanity.Calculator"/>
  <system-out/>
  <testcase name="test02_verifyMultiplyTwoNumbers" time="12.117" classname="sanity.Calculator"/>
  <system-out/>
</testsuite> <!-- sanity.Calculator -->
