<?xml version="1.0" encoding="UTF-8"?>
<!-- Generated by org.testng.reporters.JUnitReportReporter -->
<testsuite skipped="0" hostname="DESKTOP-DHGB96Q" name="sanity.Todo" tests="3" failures="0" timestamp="2023-09-17T13:03:32 IDT" time="34.115" errors="0">
  <testcase name="test01_addAndVerifyNewTask" time="11.924" classname="sanity.Todo"/>
  <system-out/>
  <testcase name="test02_deleteTask" time="20.654" classname="sanity.Todo"/>
  <system-out/>
  <testcase name="test03_addAndVerifyTasks" time="1.537" classname="sanity.Todo"/>
  <system-out/>
</testsuite> <!-- sanity.Todo -->
