<?xml version="1.0" encoding="UTF-8"?>
<!-- Generated by org.testng.reporters.JUnitReportReporter -->
<testsuite skipped="0" hostname="DESKTOP-DHGB96Q" name="sanity.Calculator" tests="3" failures="0" timestamp="2023-10-05T13:28:51 IDT" time="24.822" errors="0">
  <testcase name="test03_verifyDivisionByZero" time="6.953" classname="sanity.Calculator"/>
  <system-out/>
  <testcase name="test01_verifyAddTwoNumbers" time="9.434" classname="sanity.Calculator"/>
  <system-out/>
  <testcase name="test02_verifyMultiplyTwoNumbers" time="8.435" classname="sanity.Calculator"/>
  <system-out/>
</testsuite> <!-- sanity.Calculator -->
