<?xml version="1.0" encoding="UTF-8"?>
<!-- Generated by org.testng.reporters.JUnitReportReporter -->
<testsuite skipped="0" hostname="DESKTOP-DHGB96Q" name="sanity.StudentListsAPI" tests="4" failures="0" timestamp="2023-10-04T11:15:40 IDT" time="15.360" errors="0">
  <testcase name="test02_AddStudentAndVerify" time="1.417" classname="sanity.StudentListsAPI"/>
  <system-out/>
  <testcase name="test03_updateStudentAndVerify" time="0.919" classname="sanity.StudentListsAPI"/>
  <system-out/>
  <testcase name="test04_deleteStudentAndVerify" time="0.328" classname="sanity.StudentListsAPI"/>
  <system-out/>
  <testcase name="test01_verify_Student" time="12.696" classname="sanity.StudentListsAPI"/>
  <system-out/>
</testsuite> <!-- sanity.StudentListsAPI -->
