<?xml version="1.0" encoding="UTF-8"?>
<!-- Generated by org.testng.reporters.JUnitReportReporter -->
<testsuite skipped="0" hostname="DESKTOP-DHGB96Q" name="sanity.Calculator" tests="3" failures="0" timestamp="2023-10-05T10:02:41 IDT" time="23.806" errors="0">
  <testcase name="test02_verifyMultiplyTwoNumbers" time="7.170" classname="sanity.Calculator"/>
  <system-out/>
  <testcase name="test03_verifyDivisionByZero" time="7.423" classname="sanity.Calculator"/>
  <system-out/>
  <testcase name="test01_verifyAddTwoNumbers" time="9.213" classname="sanity.Calculator"/>
  <system-out/>
</testsuite> <!-- sanity.Calculator -->
