<?xml version="1.0" encoding="UTF-8"?>
<!-- Generated by org.testng.reporters.JUnitReportReporter -->
<testsuite skipped="0" hostname="DESKTOP-DHGB96Q" name="sanity.Calculator" tests="3" failures="0" timestamp="2023-09-17T12:55:00 IDT" time="34.425" errors="0">
  <testcase name="test03_verifyDivisionByZero" time="9.235" classname="sanity.Calculator"/>
  <system-out/>
  <testcase name="test01_verifyAddTwoNumbers" time="15.612" classname="sanity.Calculator"/>
  <system-out/>
  <testcase name="test02_verifyMultiplyTwoNumbers" time="9.578" classname="sanity.Calculator"/>
  <system-out/>
</testsuite> <!-- sanity.Calculator -->
