<?xml version="1.0" encoding="UTF-8"?>
<!-- Generated by org.testng.reporters.JUnitReportReporter -->
<testsuite skipped="0" hostname="DESKTOP-DHGB96Q" name="sanity.SauceDemoWebTestLogin" tests="3" failures="0" timestamp="2023-09-17T13:01:43 IDT" time="3.014" errors="0">
  <testcase name="test9_verifyLogInErrors" time="1.032" classname="sanity.SauceDemoWebTestLogin"/>
  <system-out/>
  <testcase name="test9_verifyLogInErrors" time="1.093" classname="sanity.SauceDemoWebTestLogin"/>
  <system-out/>
  <testcase name="test9_verifyLogInErrors" time="0.889" classname="sanity.SauceDemoWebTestLogin"/>
  <system-out/>
</testsuite> <!-- sanity.SauceDemoWebTestLogin -->
