<?xml version="1.0" encoding="UTF-8"?>
<!-- Generated by org.testng.reporters.JUnitReportReporter -->
<testsuite skipped="0" hostname="DESKTOP-DHGB96Q" name="sanity.SauceDemoWebTestLogin" tests="3" failures="0" timestamp="2023-10-04T13:02:06 IDT" time="3.609" errors="0">
  <testcase name="test9_verifyLogInErrors" time="1.152" classname="sanity.SauceDemoWebTestLogin"/>
  <system-out/>
  <testcase name="test9_verifyLogInErrors" time="1.122" classname="sanity.SauceDemoWebTestLogin"/>
  <system-out/>
  <testcase name="test9_verifyLogInErrors" time="1.335" classname="sanity.SauceDemoWebTestLogin"/>
  <system-out/>
</testsuite> <!-- sanity.SauceDemoWebTestLogin -->
