<?xml version="1.0" encoding="UTF-8"?>
<!-- Generated by org.testng.reporters.JUnitReportReporter -->
<testsuite skipped="0" hostname="DESKTOP-DHGB96Q" name="sanity.Todo" tests="3" failures="0" timestamp="2023-10-04T11:18:33 IDT" time="41.776" errors="0">
  <testcase name="test01_addAndVerifyNewTask" time="14.817" classname="sanity.Todo"/>
  <system-out/>
  <testcase name="test03_addAndVerifyTasks" time="14.580" classname="sanity.Todo"/>
  <system-out/>
  <testcase name="test02_deleteTask" time="12.379" classname="sanity.Todo"/>
  <system-out/>
</testsuite> <!-- sanity.Todo -->
