<?xml version="1.0" encoding="UTF-8"?>
<!-- Generated by org.testng.reporters.JUnitReportReporter -->
<testsuite skipped="0" hostname="DESKTOP-DHGB96Q" name="sanity.Todo" tests="3" failures="0" timestamp="2023-10-05T10:12:13 IDT" time="33.622" errors="0">
  <testcase name="test03_addAndVerifyTasks" time="11.209" classname="sanity.Todo"/>
  <system-out/>
  <testcase name="test01_addAndVerifyNewTask" time="11.438" classname="sanity.Todo"/>
  <system-out/>
  <testcase name="test02_deleteTask" time="10.975" classname="sanity.Todo"/>
  <system-out/>
</testsuite> <!-- sanity.Todo -->
