<?xml version="1.0" encoding="UTF-8"?>
<!-- Generated by org.testng.reporters.JUnitReportReporter -->
<testsuite skipped="0" hostname="DESKTOP-DHGB96Q" name="sanity.Todo" tests="3" failures="0" timestamp="2023-10-05T13:30:30 IDT" time="36.384" errors="0">
  <testcase name="test01_addAndVerifyNewTask" time="11.734" classname="sanity.Todo"/>
  <system-out/>
  <testcase name="test03_addAndVerifyTasks" time="12.981" classname="sanity.Todo"/>
  <system-out/>
  <testcase name="test02_deleteTask" time="11.669" classname="sanity.Todo"/>
  <system-out/>
</testsuite> <!-- sanity.Todo -->
